This file contains any messages produced by compilers while
running configure, to aid debugging if configure makes a mistake.

It was created by configure, which was
generated by GNU Autoconf 2.69.  Invocation command line was

  $ ./configure 

## --------- ##
## Platform. ##
## --------- ##

hostname = usc-guestwireless-upc-newsc9579.usc.edu
uname -m = x86_64
uname -r = 19.3.0
uname -s = Darwin
uname -v = Darwin Kernel Version 19.3.0: Thu Jan  9 20:58:23 PST 2020; root:xnu-6153.81.5~1/RELEASE_X86_64

/usr/bin/uname -p = i386
/bin/uname -X     = unknown

/bin/arch              = unknown
/usr/bin/arch -k       = unknown
/usr/convex/getsysinfo = unknown
/usr/bin/hostinfo      = Mach kernel version:
	 Darwin Kernel Version 19.3.0: Thu Jan  9 20:58:23 PST 2020; root:xnu-6153.81.5~1/RELEASE_X86_64
Kernel configured for up to 8 processors.
4 processors are physically available.
8 processors are logically available.
Processor type: x86_64h (Intel x86-64h Haswell)
Processors active: 0 1 2 3 4 5 6 7
Primary memory available: 8.00 gigabytes
Default processor set: 407 tasks, 1798 threads, 8 processors
Load average: 1.37, Mach factor: 6.62
/bin/machine           = unknown
/usr/bin/oslevel       = unknown
/bin/universe          = unknown

PATH: /Library/Frameworks/Python.framework/Versions/3.7/bin
PATH: /usr/local/bin
PATH: /usr/bin
PATH: /bin
PATH: /usr/sbin
PATH: /sbin


## ----------- ##
## Core tests. ##
## ----------- ##

configure:2511: checking build system type
configure:2525: result: x86_64-apple-darwin19.3.0
configure:2545: checking host system type
configure:2558: result: x86_64-apple-darwin19.3.0
configure:2635: checking for gcc
configure:2651: found /usr/bin/gcc
configure:2662: result: gcc
configure:2891: checking for C compiler version
configure:2900: gcc --version >&5
Apple clang version 11.0.0 (clang-1100.0.33.17)
Target: x86_64-apple-darwin19.3.0
Thread model: posix
InstalledDir: /Library/Developer/CommandLineTools/usr/bin
Configured with: --prefix=/Library/Developer/CommandLineTools/usr --with-gxx-include-dir=/Library/Developer/CommandLineTools/SDKs/MacOSX.sdk/usr/include/c++/4.2.1
configure:2911: $? = 0
configure:2900: gcc -v >&5
Configured with: --prefix=/Library/Developer/CommandLineTools/usr --with-gxx-include-dir=/Library/Developer/CommandLineTools/SDKs/MacOSX.sdk/usr/include/c++/4.2.1
Apple clang version 11.0.0 (clang-1100.0.33.17)
Target: x86_64-apple-darwin19.3.0
Thread model: posix
InstalledDir: /Library/Developer/CommandLineTools/usr/bin
configure:2911: $? = 0
configure:2900: gcc -V >&5
clang: error: unsupported option '-V -Wno-framework-include-private-from-public'
clang: error: no input files
configure:2911: $? = 1
configure:2900: gcc -qversion >&5
clang: error: unknown argument '-qversion', did you mean '--version'?
clang: error: no input files
configure:2911: $? = 1
configure:2931: checking whether the C compiler works
configure:2953: gcc    conftest.c  >&5
configure:2957: $? = 0
configure:3005: result: yes
configure:3008: checking for C compiler default output file name
configure:3010: result: a.out
configure:3016: checking for suffix of executables
configure:3023: gcc -o conftest    conftest.c  >&5
configure:3027: $? = 0
configure:3049: result: 
configure:3071: checking whether we are cross compiling
configure:3079: gcc -o conftest    conftest.c  >&5
configure:3083: $? = 0
configure:3090: ./conftest
configure:3094: $? = 0
configure:3109: result: no
configure:3114: checking for suffix of object files
configure:3136: gcc -c   conftest.c >&5
configure:3140: $? = 0
configure:3161: result: o
configure:3165: checking whether we are using the GNU C compiler
configure:3184: gcc -c   conftest.c >&5
configure:3184: $? = 0
configure:3193: result: yes
configure:3202: checking whether gcc accepts -g
configure:3222: gcc -c -g  conftest.c >&5
configure:3222: $? = 0
configure:3263: result: yes
configure:3280: checking for gcc option to accept ISO C89
configure:3343: gcc  -c   conftest.c >&5
configure:3343: $? = 0
configure:3356: result: none needed
configure:3434: checking for g++
configure:3450: found /usr/bin/g++
configure:3461: result: g++
configure:3488: checking for C++ compiler version
configure:3497: g++ --version >&5
Apple clang version 11.0.0 (clang-1100.0.33.17)
Target: x86_64-apple-darwin19.3.0
Thread model: posix
InstalledDir: /Library/Developer/CommandLineTools/usr/bin
Configured with: --prefix=/Library/Developer/CommandLineTools/usr --with-gxx-include-dir=/Library/Developer/CommandLineTools/SDKs/MacOSX.sdk/usr/include/c++/4.2.1
configure:3508: $? = 0
configure:3497: g++ -v >&5
Configured with: --prefix=/Library/Developer/CommandLineTools/usr --with-gxx-include-dir=/Library/Developer/CommandLineTools/SDKs/MacOSX.sdk/usr/include/c++/4.2.1
Apple clang version 11.0.0 (clang-1100.0.33.17)
Target: x86_64-apple-darwin19.3.0
Thread model: posix
InstalledDir: /Library/Developer/CommandLineTools/usr/bin
configure:3508: $? = 0
configure:3497: g++ -V >&5
clang: error: unsupported option '-V -Wno-framework-include-private-from-public'
clang: error: no input files
configure:3508: $? = 1
configure:3497: g++ -qversion >&5
clang: error: unknown argument '-qversion', did you mean '--version'?
clang: error: no input files
configure:3508: $? = 1
configure:3512: checking whether we are using the GNU C++ compiler
configure:3531: g++ -c   conftest.cpp >&5
configure:3531: $? = 0
configure:3540: result: yes
configure:3549: checking whether g++ accepts -g
configure:3569: g++ -c -g  conftest.cpp >&5
configure:3569: $? = 0
configure:3610: result: yes
configure:4113: checking for a BSD-compatible install
configure:4181: result: /usr/bin/install -c
configure:4203: checking for nroff
configure:4221: found /usr/bin/nroff
configure:4233: result: /usr/bin/nroff
configure:4291: checking for doxygen
configure:4324: result: no
configure:4373: checking for ranlib
configure:4389: found /usr/bin/ranlib
configure:4400: result: ranlib
configure:4468: checking for ar
configure:4486: found /usr/bin/ar
configure:4498: result: /usr/bin/ar
configure:4579: checking for windres
configure:4612: result: no
configure:4638: checking how to run the C preprocessor
configure:4669: gcc -E  conftest.c
configure:4669: $? = 0
configure:4683: gcc -E  conftest.c
conftest.c:9:10: fatal error: 'ac_nonexistent.h' file not found
#include <ac_nonexistent.h>
         ^~~~~~~~~~~~~~~~~~
1 error generated.
configure:4683: $? = 1
configure: failed program was:
| /* confdefs.h */
| #define PACKAGE_NAME ""
| #define PACKAGE_TARNAME ""
| #define PACKAGE_VERSION ""
| #define PACKAGE_STRING ""
| #define PACKAGE_BUGREPORT ""
| #define PACKAGE_URL ""
| /* end confdefs.h.  */
| #include <ac_nonexistent.h>
configure:4708: result: gcc -E
configure:4728: gcc -E  conftest.c
configure:4728: $? = 0
configure:4742: gcc -E  conftest.c
conftest.c:9:10: fatal error: 'ac_nonexistent.h' file not found
#include <ac_nonexistent.h>
         ^~~~~~~~~~~~~~~~~~
1 error generated.
configure:4742: $? = 1
configure: failed program was:
| /* confdefs.h */
| #define PACKAGE_NAME ""
| #define PACKAGE_TARNAME ""
| #define PACKAGE_VERSION ""
| #define PACKAGE_STRING ""
| #define PACKAGE_BUGREPORT ""
| #define PACKAGE_URL ""
| /* end confdefs.h.  */
| #include <ac_nonexistent.h>
configure:4771: checking for grep that handles long lines and -e
configure:4829: result: /usr/bin/grep
configure:4834: checking for egrep
configure:4896: result: /usr/bin/grep -E
configure:4901: checking for ANSI C header files
configure:4921: gcc -c   conftest.c >&5
configure:4921: $? = 0
configure:4994: gcc -o conftest    conftest.c  >&5
configure:4994: $? = 0
configure:4994: ./conftest
configure:4994: $? = 0
configure:5005: result: yes
configure:5018: checking for sys/types.h
configure:5018: gcc -c   conftest.c >&5
configure:5018: $? = 0
configure:5018: result: yes
configure:5018: checking for sys/stat.h
configure:5018: gcc -c   conftest.c >&5
configure:5018: $? = 0
configure:5018: result: yes
configure:5018: checking for stdlib.h
configure:5018: gcc -c   conftest.c >&5
configure:5018: $? = 0
configure:5018: result: yes
configure:5018: checking for string.h
configure:5018: gcc -c   conftest.c >&5
configure:5018: $? = 0
configure:5018: result: yes
configure:5018: checking for memory.h
configure:5018: gcc -c   conftest.c >&5
configure:5018: $? = 0
configure:5018: result: yes
configure:5018: checking for strings.h
configure:5018: gcc -c   conftest.c >&5
configure:5018: $? = 0
configure:5018: result: yes
configure:5018: checking for inttypes.h
configure:5018: gcc -c   conftest.c >&5
configure:5018: $? = 0
configure:5018: result: yes
configure:5018: checking for stdint.h
configure:5018: gcc -c   conftest.c >&5
configure:5018: $? = 0
configure:5018: result: yes
configure:5018: checking for unistd.h
configure:5018: gcc -c   conftest.c >&5
configure:5018: $? = 0
configure:5018: result: yes
configure:5034: checking size of short
configure:5039: gcc -o conftest    conftest.c  >&5
configure:5039: $? = 0
configure:5039: ./conftest
configure:5039: $? = 0
configure:5053: result: 2
configure:5067: checking size of int
configure:5072: gcc -o conftest    conftest.c  >&5
configure:5072: $? = 0
configure:5072: ./conftest
configure:5072: $? = 0
configure:5086: result: 4
configure:5100: checking size of long
configure:5105: gcc -o conftest    conftest.c  >&5
configure:5105: $? = 0
configure:5105: ./conftest
configure:5105: $? = 0
configure:5119: result: 8
configure:5383: checking whether the compiler recognizes bool as a built-in type
configure:5413: g++ -c   conftest.cpp >&5
configure:5413: $? = 0
configure:5427: result: yes
configure:5437: checking for dirent.h that defines DIR
configure:5456: gcc -c   conftest.c >&5
configure:5456: $? = 0
configure:5464: result: yes
configure:5477: checking for library containing opendir
configure:5508: gcc -o conftest    conftest.c  >&5
configure:5508: $? = 0
configure:5525: result: none required
configure:5595: checking sys/select.h usability
configure:5595: gcc -c   conftest.c >&5
configure:5595: $? = 0
configure:5595: result: yes
configure:5595: checking sys/select.h presence
configure:5595: gcc -E  conftest.c
configure:5595: $? = 0
configure:5595: result: yes
configure:5595: checking for sys/select.h
configure:5595: result: yes
configure:5595: checking sys/stdtypes.h usability
configure:5595: gcc -c   conftest.c >&5
conftest.c:59:10: fatal error: 'sys/stdtypes.h' file not found
#include <sys/stdtypes.h>
         ^~~~~~~~~~~~~~~~
1 error generated.
configure:5595: $? = 1
configure: failed program was:
| /* confdefs.h */
| #define PACKAGE_NAME ""
| #define PACKAGE_TARNAME ""
| #define PACKAGE_VERSION ""
| #define PACKAGE_STRING ""
| #define PACKAGE_BUGREPORT ""
| #define PACKAGE_URL ""
| #define STDC_HEADERS 1
| #define HAVE_SYS_TYPES_H 1
| #define HAVE_SYS_STAT_H 1
| #define HAVE_STDLIB_H 1
| #define HAVE_STRING_H 1
| #define HAVE_MEMORY_H 1
| #define HAVE_STRINGS_H 1
| #define HAVE_INTTYPES_H 1
| #define HAVE_STDINT_H 1
| #define HAVE_UNISTD_H 1
| #define SIZEOF_SHORT 2
| #define SIZEOF_INT 4
| #define SIZEOF_LONG 8
| #define U16 unsigned short
| #define U32 unsigned
| #define HAVE_DIRENT_H 1
| #define HAVE_SYS_SELECT_H 1
| /* end confdefs.h.  */
| #include <stdio.h>
| #ifdef HAVE_SYS_TYPES_H
| # include <sys/types.h>
| #endif
| #ifdef HAVE_SYS_STAT_H
| # include <sys/stat.h>
| #endif
| #ifdef STDC_HEADERS
| # include <stdlib.h>
| # include <stddef.h>
| #else
| # ifdef HAVE_STDLIB_H
| #  include <stdlib.h>
| # endif
| #endif
| #ifdef HAVE_STRING_H
| # if !defined STDC_HEADERS && defined HAVE_MEMORY_H
| #  include <memory.h>
| # endif
| # include <string.h>
| #endif
| #ifdef HAVE_STRINGS_H
| # include <strings.h>
| #endif
| #ifdef HAVE_INTTYPES_H
| # include <inttypes.h>
| #endif
| #ifdef HAVE_STDINT_H
| # include <stdint.h>
| #endif
| #ifdef HAVE_UNISTD_H
| # include <unistd.h>
| #endif
| #include <sys/stdtypes.h>
configure:5595: result: no
configure:5595: checking sys/stdtypes.h presence
configure:5595: gcc -E  conftest.c
conftest.c:26:10: fatal error: 'sys/stdtypes.h' file not found
#include <sys/stdtypes.h>
         ^~~~~~~~~~~~~~~~
1 error generated.
configure:5595: $? = 1
configure: failed program was:
| /* confdefs.h */
| #define PACKAGE_NAME ""
| #define PACKAGE_TARNAME ""
| #define PACKAGE_VERSION ""
| #define PACKAGE_STRING ""
| #define PACKAGE_BUGREPORT ""
| #define PACKAGE_URL ""
| #define STDC_HEADERS 1
| #define HAVE_SYS_TYPES_H 1
| #define HAVE_SYS_STAT_H 1
| #define HAVE_STDLIB_H 1
| #define HAVE_STRING_H 1
| #define HAVE_MEMORY_H 1
| #define HAVE_STRINGS_H 1
| #define HAVE_INTTYPES_H 1
| #define HAVE_STDINT_H 1
| #define HAVE_UNISTD_H 1
| #define SIZEOF_SHORT 2
| #define SIZEOF_INT 4
| #define SIZEOF_LONG 8
| #define U16 unsigned short
| #define U32 unsigned
| #define HAVE_DIRENT_H 1
| #define HAVE_SYS_SELECT_H 1
| /* end confdefs.h.  */
| #include <sys/stdtypes.h>
configure:5595: result: no
configure:5595: checking for sys/stdtypes.h
configure:5595: result: no
configure:5606: checking whether we have the POSIX compatible scandir() prototype
configure:5635: g++ -c   conftest.cpp >&5
configure:5635: $? = 0
configure:5649: result: yes
configure:5675: checking for vsnprintf
configure:5675: gcc -o conftest    conftest.c  >&5
conftest.c:51:6: warning: incompatible redeclaration of library function 'vsnprintf' [-Wincompatible-library-redeclaration]
char vsnprintf ();
     ^
conftest.c:51:6: note: 'vsnprintf' is a builtin with type 'int (char *, unsigned long, const char *, struct __va_list_tag *)'
1 warning generated.
configure:5675: $? = 0
configure:5675: result: yes
configure:5694: checking for snprintf
configure:5694: gcc -o conftest    conftest.c  >&5
conftest.c:52:6: warning: incompatible redeclaration of library function 'snprintf' [-Wincompatible-library-redeclaration]
char snprintf ();
     ^
conftest.c:52:6: note: 'snprintf' is a builtin with type 'int (char *, unsigned long, const char *, ...)'
1 warning generated.
configure:5694: $? = 0
configure:5694: result: yes
configure:5715: checking for strings.h
configure:5715: result: yes
configure:5728: checking for strcasecmp
configure:5728: gcc -o conftest    conftest.c  >&5
conftest.c:54:6: warning: incompatible redeclaration of library function 'strcasecmp' [-Wincompatible-library-redeclaration]
char strcasecmp ();
     ^
conftest.c:54:6: note: 'strcasecmp' is a builtin with type 'int (const char *, const char *)'
1 warning generated.
configure:5728: $? = 0
configure:5728: result: yes
configure:5728: checking for strlcat
configure:5728: gcc -o conftest    conftest.c  >&5
conftest.c:55:6: warning: incompatible redeclaration of library function 'strlcat' [-Wincompatible-library-redeclaration]
char strlcat ();
     ^
conftest.c:55:6: note: 'strlcat' is a builtin with type 'unsigned long (char *, const char *, unsigned long)'
1 warning generated.
configure:5728: $? = 0
configure:5728: result: yes
configure:5728: checking for strlcpy
configure:5728: gcc -o conftest    conftest.c  >&5
conftest.c:56:6: warning: incompatible redeclaration of library function 'strlcpy' [-Wincompatible-library-redeclaration]
char strlcpy ();
     ^
conftest.c:56:6: note: 'strlcpy' is a builtin with type 'unsigned long (char *, const char *, unsigned long)'
1 warning generated.
configure:5728: $? = 0
configure:5728: result: yes
configure:5740: checking locale.h usability
configure:5740: gcc -c   conftest.c >&5
configure:5740: $? = 0
configure:5740: result: yes
configure:5740: checking locale.h presence
configure:5740: gcc -E  conftest.c
configure:5740: $? = 0
configure:5740: result: yes
configure:5740: checking for locale.h
configure:5740: result: yes
configure:5752: checking for localeconv
configure:5752: gcc -o conftest    conftest.c  >&5
configure:5752: $? = 0
configure:5752: result: yes
configure:5762: checking for library containing pow
configure:5793: gcc -o conftest    conftest.c  >&5
conftest.c:43:6: warning: incompatible redeclaration of library function 'pow' [-Wincompatible-library-redeclaration]
char pow ();
     ^
conftest.c:43:6: note: 'pow' is a builtin with type 'double (double, double)'
1 warning generated.
configure:5793: $? = 0
configure:5810: result: none required
configure:5826: checking for special C compiler options needed for large files
configure:5871: result: no
configure:5877: checking for _FILE_OFFSET_BITS value needed for large files
configure:5902: gcc -c   conftest.c >&5
configure:5902: $? = 0
configure:5934: result: no
configure:6034: checking for long long int
configure:6061: result: yes
configure:6069: checking for library containing dlsym
configure:6100: gcc -o conftest    conftest.c  >&5
configure:6100: $? = 0
configure:6117: result: none required
configure:6126: checking dlfcn.h usability
configure:6126: gcc -c   conftest.c >&5
configure:6126: $? = 0
configure:6126: result: yes
configure:6126: checking dlfcn.h presence
configure:6126: gcc -E  conftest.c
configure:6126: $? = 0
configure:6126: result: yes
configure:6126: checking for dlfcn.h
configure:6126: result: yes
configure:6178: checking for jpeg_CreateCompress in -ljpeg
configure:6203: gcc -o conftest    conftest.c -ljpeg   >&5
ld: library not found for -ljpeg
clang: error: linker command failed with exit code 1 (use -v to see invocation)
configure:6203: $? = 1
configure: failed program was:
| /* confdefs.h */
| #define PACKAGE_NAME ""
| #define PACKAGE_TARNAME ""
| #define PACKAGE_VERSION ""
| #define PACKAGE_STRING ""
| #define PACKAGE_BUGREPORT ""
| #define PACKAGE_URL ""
| #define STDC_HEADERS 1
| #define HAVE_SYS_TYPES_H 1
| #define HAVE_SYS_STAT_H 1
| #define HAVE_STDLIB_H 1
| #define HAVE_STRING_H 1
| #define HAVE_MEMORY_H 1
| #define HAVE_STRINGS_H 1
| #define HAVE_INTTYPES_H 1
| #define HAVE_STDINT_H 1
| #define HAVE_UNISTD_H 1
| #define SIZEOF_SHORT 2
| #define SIZEOF_INT 4
| #define SIZEOF_LONG 8
| #define U16 unsigned short
| #define U32 unsigned
| #define HAVE_DIRENT_H 1
| #define HAVE_SYS_SELECT_H 1
| #define HAVE_SCANDIR 1
| #define HAVE_SCANDIR_POSIX 1
| #define HAVE_VSNPRINTF 1
| #define HAVE_SNPRINTF 1
| #define HAVE_STRINGS_H 1
| #define HAVE_STRCASECMP 1
| #define HAVE_STRLCAT 1
| #define HAVE_STRLCPY 1
| #define HAVE_LOCALE_H 1
| #define HAVE_LOCALECONV 1
| #define HAVE_LONG_LONG 1
| #define HAVE_DLSYM 1
| #define HAVE_DLFCN_H 1
| /* end confdefs.h.  */
| 
| /* Override any GCC internal prototype to avoid an error.
|    Use char because int might match the return type of a GCC
|    builtin and then its argument prototype would still apply.  */
| #ifdef __cplusplus
| extern "C"
| #endif
| char jpeg_CreateCompress ();
| int
| main ()
| {
| return jpeg_CreateCompress ();
|   ;
|   return 0;
| }
configure:6212: result: no
configure:6262: checking for gzgets in -lz
configure:6287: gcc -o conftest    conftest.c -lz   >&5
configure:6287: $? = 0
configure:6296: result: yes
configure:6299: checking zlib.h usability
configure:6299: gcc -c   conftest.c >&5
configure:6299: $? = 0
configure:6299: result: yes
configure:6299: checking zlib.h presence
configure:6299: gcc -E  conftest.c
configure:6299: $? = 0
configure:6299: result: yes
configure:6299: checking for zlib.h
configure:6299: result: yes
configure:6350: checking for png_read_info in -lpng
configure:6375: gcc -o conftest    conftest.c -lpng  -lz  >&5
ld: library not found for -lpng
clang: error: linker command failed with exit code 1 (use -v to see invocation)
configure:6375: $? = 1
configure: failed program was:
| /* confdefs.h */
| #define PACKAGE_NAME ""
| #define PACKAGE_TARNAME ""
| #define PACKAGE_VERSION ""
| #define PACKAGE_STRING ""
| #define PACKAGE_BUGREPORT ""
| #define PACKAGE_URL ""
| #define STDC_HEADERS 1
| #define HAVE_SYS_TYPES_H 1
| #define HAVE_SYS_STAT_H 1
| #define HAVE_STDLIB_H 1
| #define HAVE_STRING_H 1
| #define HAVE_MEMORY_H 1
| #define HAVE_STRINGS_H 1
| #define HAVE_INTTYPES_H 1
| #define HAVE_STDINT_H 1
| #define HAVE_UNISTD_H 1
| #define SIZEOF_SHORT 2
| #define SIZEOF_INT 4
| #define SIZEOF_LONG 8
| #define U16 unsigned short
| #define U32 unsigned
| #define HAVE_DIRENT_H 1
| #define HAVE_SYS_SELECT_H 1
| #define HAVE_SCANDIR 1
| #define HAVE_SCANDIR_POSIX 1
| #define HAVE_VSNPRINTF 1
| #define HAVE_SNPRINTF 1
| #define HAVE_STRINGS_H 1
| #define HAVE_STRCASECMP 1
| #define HAVE_STRLCAT 1
| #define HAVE_STRLCPY 1
| #define HAVE_LOCALE_H 1
| #define HAVE_LOCALECONV 1
| #define HAVE_LONG_LONG 1
| #define HAVE_DLSYM 1
| #define HAVE_DLFCN_H 1
| #define HAVE_LIBJPEG 1
| #define HAVE_LIBZ 1
| /* end confdefs.h.  */
| 
| /* Override any GCC internal prototype to avoid an error.
|    Use char because int might match the return type of a GCC
|    builtin and then its argument prototype would still apply.  */
| #ifdef __cplusplus
| extern "C"
| #endif
| char png_read_info ();
| int
| main ()
| {
| return png_read_info ();
|   ;
|   return 0;
| }
configure:6384: result: no
configure:6551: checking pthread.h usability
configure:6551: gcc -c   conftest.c >&5
configure:6551: $? = 0
configure:6551: result: yes
configure:6551: checking pthread.h presence
configure:6551: gcc -E  conftest.c
configure:6551: $? = 0
configure:6551: result: yes
configure:6551: checking for pthread.h
configure:6551: result: yes
configure:6564: checking for pthread_create using -lpthreads
configure:6579: gcc -o conftest    conftest.c -lpthreads  >&5
conftest.c:50:26: warning: null passed to a callee that requires a non-null argument [-Wnonnull]
pthread_create(0, 0, 0, 0);
               ~         ^
conftest.c:50:26: warning: null passed to a callee that requires a non-null argument [-Wnonnull]
pthread_create(0, 0, 0, 0);
                     ~   ^
2 warnings generated.
ld: library not found for -lpthreads
clang: error: linker command failed with exit code 1 (use -v to see invocation)
configure:6579: $? = 1
configure: failed program was:
| /* confdefs.h */
| #define PACKAGE_NAME ""
| #define PACKAGE_TARNAME ""
| #define PACKAGE_VERSION ""
| #define PACKAGE_STRING ""
| #define PACKAGE_BUGREPORT ""
| #define PACKAGE_URL ""
| #define STDC_HEADERS 1
| #define HAVE_SYS_TYPES_H 1
| #define HAVE_SYS_STAT_H 1
| #define HAVE_STDLIB_H 1
| #define HAVE_STRING_H 1
| #define HAVE_MEMORY_H 1
| #define HAVE_STRINGS_H 1
| #define HAVE_INTTYPES_H 1
| #define HAVE_STDINT_H 1
| #define HAVE_UNISTD_H 1
| #define SIZEOF_SHORT 2
| #define SIZEOF_INT 4
| #define SIZEOF_LONG 8
| #define U16 unsigned short
| #define U32 unsigned
| #define HAVE_DIRENT_H 1
| #define HAVE_SYS_SELECT_H 1
| #define HAVE_SCANDIR 1
| #define HAVE_SCANDIR_POSIX 1
| #define HAVE_VSNPRINTF 1
| #define HAVE_SNPRINTF 1
| #define HAVE_STRINGS_H 1
| #define HAVE_STRCASECMP 1
| #define HAVE_STRLCAT 1
| #define HAVE_STRLCPY 1
| #define HAVE_LOCALE_H 1
| #define HAVE_LOCALECONV 1
| #define HAVE_LONG_LONG 1
| #define HAVE_DLSYM 1
| #define HAVE_DLFCN_H 1
| #define HAVE_LIBJPEG 1
| #define HAVE_LIBZ 1
| #define HAVE_LIBPNG 1
| #define HAVE_PNG_H 1
| #define HAVE_PNG_GET_VALID 1
| #define HAVE_PNG_SET_TRNS_TO_ALPHA 1
| #define HAVE_PTHREAD_H 1
| /* end confdefs.h.  */
| #include <pthread.h>
| int
| main ()
| {
| pthread_create(0, 0, 0, 0);
|   ;
|   return 0;
| }
configure:6586: result: no
configure:6564: checking for pthread_create using -lpthread
configure:6579: gcc -o conftest    conftest.c -lpthread  >&5
conftest.c:50:26: warning: null passed to a callee that requires a non-null argument [-Wnonnull]
pthread_create(0, 0, 0, 0);
               ~         ^
conftest.c:50:26: warning: null passed to a callee that requires a non-null argument [-Wnonnull]
pthread_create(0, 0, 0, 0);
                     ~   ^
2 warnings generated.
configure:6579: $? = 0
configure:6586: result: yes
configure:8367: checking if GCC supports -fno-exceptions
configure:8382: gcc -c  -fno-exceptions  conftest.c >&5
configure:8382: $? = 0
configure:8384: result: yes
configure:8394: checking if GCC supports -fno-strict-aliasing
configure:8409: gcc -c  -fno-strict-aliasing  conftest.c >&5
configure:8409: $? = 0
configure:8411: result: yes
configure:8421: checking if ld supports -no-undefined
configure:8436: gcc -o conftest    -Wl,-no-undefined conftest.c -lpthread  -framework Cocoa >&5
ld: unknown option: -no-undefined
clang: error: linker command failed with exit code 1 (use -v to see invocation)
configure:8436: $? = 1
configure: failed program was:
| /* confdefs.h */
| #define PACKAGE_NAME ""
| #define PACKAGE_TARNAME ""
| #define PACKAGE_VERSION ""
| #define PACKAGE_STRING ""
| #define PACKAGE_BUGREPORT ""
| #define PACKAGE_URL ""
| #define STDC_HEADERS 1
| #define HAVE_SYS_TYPES_H 1
| #define HAVE_SYS_STAT_H 1
| #define HAVE_STDLIB_H 1
| #define HAVE_STRING_H 1
| #define HAVE_MEMORY_H 1
| #define HAVE_STRINGS_H 1
| #define HAVE_INTTYPES_H 1
| #define HAVE_STDINT_H 1
| #define HAVE_UNISTD_H 1
| #define SIZEOF_SHORT 2
| #define SIZEOF_INT 4
| #define SIZEOF_LONG 8
| #define U16 unsigned short
| #define U32 unsigned
| #define HAVE_DIRENT_H 1
| #define HAVE_SYS_SELECT_H 1
| #define HAVE_SCANDIR 1
| #define HAVE_SCANDIR_POSIX 1
| #define HAVE_VSNPRINTF 1
| #define HAVE_SNPRINTF 1
| #define HAVE_STRINGS_H 1
| #define HAVE_STRCASECMP 1
| #define HAVE_STRLCAT 1
| #define HAVE_STRLCPY 1
| #define HAVE_LOCALE_H 1
| #define HAVE_LOCALECONV 1
| #define HAVE_LONG_LONG 1
| #define HAVE_DLSYM 1
| #define HAVE_DLFCN_H 1
| #define HAVE_LIBJPEG 1
| #define HAVE_LIBZ 1
| #define HAVE_LIBPNG 1
| #define HAVE_PNG_H 1
| #define HAVE_PNG_GET_VALID 1
| #define HAVE_PNG_SET_TRNS_TO_ALPHA 1
| #define HAVE_PTHREAD_H 1
| #define HAVE_PTHREAD 1
| #define __APPLE_QUARTZ__ 1
| #define HAVE_PTHREAD 1
| #define HAVE_GL 1
| #define HAVE_GL_GLU_H 1
| /* end confdefs.h.  */
| 
| int
| main ()
| {
| 
|   ;
|   return 0;
| }
configure:8441: result: no
configure:8449: checking if ld supports -Bsymbolic-functions
configure:8464: gcc -o conftest    -Wl,-Bsymbolic-functions conftest.c -lpthread  -framework Cocoa >&5
ld: unknown option: -Bsymbolic-functions
clang: error: linker command failed with exit code 1 (use -v to see invocation)
configure:8464: $? = 1
configure: failed program was:
| /* confdefs.h */
| #define PACKAGE_NAME ""
| #define PACKAGE_TARNAME ""
| #define PACKAGE_VERSION ""
| #define PACKAGE_STRING ""
| #define PACKAGE_BUGREPORT ""
| #define PACKAGE_URL ""
| #define STDC_HEADERS 1
| #define HAVE_SYS_TYPES_H 1
| #define HAVE_SYS_STAT_H 1
| #define HAVE_STDLIB_H 1
| #define HAVE_STRING_H 1
| #define HAVE_MEMORY_H 1
| #define HAVE_STRINGS_H 1
| #define HAVE_INTTYPES_H 1
| #define HAVE_STDINT_H 1
| #define HAVE_UNISTD_H 1
| #define SIZEOF_SHORT 2
| #define SIZEOF_INT 4
| #define SIZEOF_LONG 8
| #define U16 unsigned short
| #define U32 unsigned
| #define HAVE_DIRENT_H 1
| #define HAVE_SYS_SELECT_H 1
| #define HAVE_SCANDIR 1
| #define HAVE_SCANDIR_POSIX 1
| #define HAVE_VSNPRINTF 1
| #define HAVE_SNPRINTF 1
| #define HAVE_STRINGS_H 1
| #define HAVE_STRCASECMP 1
| #define HAVE_STRLCAT 1
| #define HAVE_STRLCPY 1
| #define HAVE_LOCALE_H 1
| #define HAVE_LOCALECONV 1
| #define HAVE_LONG_LONG 1
| #define HAVE_DLSYM 1
| #define HAVE_DLFCN_H 1
| #define HAVE_LIBJPEG 1
| #define HAVE_LIBZ 1
| #define HAVE_LIBPNG 1
| #define HAVE_PNG_H 1
| #define HAVE_PNG_GET_VALID 1
| #define HAVE_PNG_SET_TRNS_TO_ALPHA 1
| #define HAVE_PTHREAD_H 1
| #define HAVE_PTHREAD 1
| #define __APPLE_QUARTZ__ 1
| #define HAVE_PTHREAD 1
| #define HAVE_GL 1
| #define HAVE_GL_GLU_H 1
| /* end confdefs.h.  */
| 
| int
| main ()
| {
| 
|   ;
|   return 0;
| }
configure:8469: result: no
configure:8477: checking if toolchain supports sections
configure:8494: gcc -o conftest  -ffunction-sections -fdata-sections   -Wl,-gc-sections conftest.c -lpthread  -framework Cocoa >&5
ld: unknown option: -gc-sections
clang: error: linker command failed with exit code 1 (use -v to see invocation)
configure:8494: $? = 1
configure: failed program was:
| /* confdefs.h */
| #define PACKAGE_NAME ""
| #define PACKAGE_TARNAME ""
| #define PACKAGE_VERSION ""
| #define PACKAGE_STRING ""
| #define PACKAGE_BUGREPORT ""
| #define PACKAGE_URL ""
| #define STDC_HEADERS 1
| #define HAVE_SYS_TYPES_H 1
| #define HAVE_SYS_STAT_H 1
| #define HAVE_STDLIB_H 1
| #define HAVE_STRING_H 1
| #define HAVE_MEMORY_H 1
| #define HAVE_STRINGS_H 1
| #define HAVE_INTTYPES_H 1
| #define HAVE_STDINT_H 1
| #define HAVE_UNISTD_H 1
| #define SIZEOF_SHORT 2
| #define SIZEOF_INT 4
| #define SIZEOF_LONG 8
| #define U16 unsigned short
| #define U32 unsigned
| #define HAVE_DIRENT_H 1
| #define HAVE_SYS_SELECT_H 1
| #define HAVE_SCANDIR 1
| #define HAVE_SCANDIR_POSIX 1
| #define HAVE_VSNPRINTF 1
| #define HAVE_SNPRINTF 1
| #define HAVE_STRINGS_H 1
| #define HAVE_STRCASECMP 1
| #define HAVE_STRLCAT 1
| #define HAVE_STRLCPY 1
| #define HAVE_LOCALE_H 1
| #define HAVE_LOCALECONV 1
| #define HAVE_LONG_LONG 1
| #define HAVE_DLSYM 1
| #define HAVE_DLFCN_H 1
| #define HAVE_LIBJPEG 1
| #define HAVE_LIBZ 1
| #define HAVE_LIBPNG 1
| #define HAVE_PNG_H 1
| #define HAVE_PNG_GET_VALID 1
| #define HAVE_PNG_SET_TRNS_TO_ALPHA 1
| #define HAVE_PTHREAD_H 1
| #define HAVE_PTHREAD 1
| #define __APPLE_QUARTZ__ 1
| #define HAVE_PTHREAD 1
| #define HAVE_GL 1
| #define HAVE_GL_GLU_H 1
| /* end confdefs.h.  */
| 
| int
| main ()
| {
| 
|   ;
|   return 0;
| }
configure:8500: result: no
configure:8901: creating ./config.status

## ---------------------- ##
## Running config.status. ##
## ---------------------- ##

This file was extended by config.status, which was
generated by GNU Autoconf 2.69.  Invocation command line was

  CONFIG_FILES    = 
  CONFIG_HEADERS  = 
  CONFIG_LINKS    = 
  CONFIG_COMMANDS = 
  $ ./config.status 

on usc-guestwireless-upc-newsc9579.usc.edu

config.status:930: creating makeinclude
config.status:930: creating fltk.list
config.status:930: creating fltk-config
config.status:930: creating fltk.spec
config.status:930: creating FL/Makefile
config.status:930: creating config.h
config.status:930: creating FL/abi-version.h

## ---------------- ##
## Cache variables. ##
## ---------------- ##

ac_cv_build=x86_64-apple-darwin19.3.0
ac_cv_c_compiler_gnu=yes
ac_cv_c_long_long=yes
ac_cv_cxx_bool=yes
ac_cv_cxx_compiler_gnu=yes
ac_cv_cxx_scandir_posix=yes
ac_cv_env_CCC_set=
ac_cv_env_CCC_value=
ac_cv_env_CC_set=
ac_cv_env_CC_value=
ac_cv_env_CFLAGS_set=
ac_cv_env_CFLAGS_value=
ac_cv_env_CPPFLAGS_set=
ac_cv_env_CPPFLAGS_value=
ac_cv_env_CPP_set=
ac_cv_env_CPP_value=
ac_cv_env_CXXFLAGS_set=
ac_cv_env_CXXFLAGS_value=
ac_cv_env_CXX_set=
ac_cv_env_CXX_value=
ac_cv_env_LDFLAGS_set=
ac_cv_env_LDFLAGS_value=
ac_cv_env_LIBS_set=
ac_cv_env_LIBS_value=
ac_cv_env_XMKMF_set=
ac_cv_env_XMKMF_value=
ac_cv_env_build_alias_set=
ac_cv_env_build_alias_value=
ac_cv_env_host_alias_set=
ac_cv_env_host_alias_value=
ac_cv_env_target_alias_set=
ac_cv_env_target_alias_value=
ac_cv_func_localeconv=yes
ac_cv_func_snprintf=yes
ac_cv_func_strcasecmp=yes
ac_cv_func_strlcat=yes
ac_cv_func_strlcpy=yes
ac_cv_func_vsnprintf=yes
ac_cv_header_dirent_dirent_h=yes
ac_cv_header_dlfcn_h=yes
ac_cv_header_inttypes_h=yes
ac_cv_header_locale_h=yes
ac_cv_header_memory_h=yes
ac_cv_header_pthread_h=yes
ac_cv_header_stdc=yes
ac_cv_header_stdint_h=yes
ac_cv_header_stdlib_h=yes
ac_cv_header_string_h=yes
ac_cv_header_strings_h=yes
ac_cv_header_sys_select_h=yes
ac_cv_header_sys_stat_h=yes
ac_cv_header_sys_stdtypes_h=no
ac_cv_header_sys_types_h=yes
ac_cv_header_unistd_h=yes
ac_cv_header_zlib_h=yes
ac_cv_host=x86_64-apple-darwin19.3.0
ac_cv_lib_jpeg_jpeg_CreateCompress=no
ac_cv_lib_png_png_read_info=no
ac_cv_lib_z_gzgets=yes
ac_cv_objext=o
ac_cv_path_EGREP='/usr/bin/grep -E'
ac_cv_path_GREP=/usr/bin/grep
ac_cv_path_NROFF=/usr/bin/nroff
ac_cv_path_ac_pt_AR=/usr/bin/ar
ac_cv_path_install='/usr/bin/install -c'
ac_cv_prog_CPP='gcc -E'
ac_cv_prog_ac_ct_CC=gcc
ac_cv_prog_ac_ct_CXX=g++
ac_cv_prog_ac_ct_RANLIB=ranlib
ac_cv_prog_cc_c89=
ac_cv_prog_cc_g=yes
ac_cv_prog_cxx_g=yes
ac_cv_search_dlsym='none required'
ac_cv_search_opendir='none required'
ac_cv_search_pow='none required'
ac_cv_sizeof_int=4
ac_cv_sizeof_long=8
ac_cv_sizeof_short=2
ac_cv_sys_file_offset_bits=no
ac_cv_sys_largefile_CC=no

## ----------------- ##
## Output variables. ##
## ----------------- ##

AR='/usr/bin/ar'
ARCHFLAGS=''
AUDIOLIBS='-framework CoreAudio'
BINARY_DIR=''
CAIRODIR=''
CAIRODSONAME=''
CAIROFLAGS=''
CAIROLIBBASENAME='libfltk_cairo.a'
CAIROLIBNAME='../lib/libfltk_cairo.a'
CAIROLIBS=''
CAT1EXT='0'
CAT3EXT='0'
CAT6EXT='0'
CC='gcc'
CFLAGS=''
CPP='gcc -E'
CPPFLAGS=''
CXX='g++'
CXXFLAGS=''
DEFS='-DHAVE_CONFIG_H'
DOXYDOC=''
DSOCOMMAND='echo'
DSOFLAGS=''
DSOLINK=''
DSONAME=''
ECHO_C='\c'
ECHO_N=''
ECHO_T=''
EGREP='/usr/bin/grep -E'
EXEEXT=''
FLDSONAME=''
FLLIBBASENAME='libfltk_forms.a'
FLLIBNAME='../lib/libfltk_forms.a'
FLTKCAIROOPTION=''
FLUID='fluid'
FL_ABI_VERSION='1.3.0'
FL_DSO_VERSION='1.3'
FL_MAJOR_VERSION='1'
FL_MINOR_VERSION='3'
FL_PATCH_VERSION='5'
FL_VERSION='1.3.5'
FTCONFIG=''
GLDEMOS='gldemos'
GLDSONAME=''
GLLIB='-framework OpenGL'
GLLIBBASENAME='libfltk_gl.a'
GLLIBNAME='../lib/libfltk_gl.a'
GREP='/usr/bin/grep'
GROFF=''
HLINKS='#'
IMAGELIBS='-lfltk_png -lz -lfltk_jpeg '
IMGDSONAME=''
IMGLIBBASENAME='libfltk_images.a'
IMGLIBNAME='../lib/libfltk_images.a'
INSTALL_DATA='${INSTALL} -m 644'
INSTALL_DESKTOP='install-osx'
INSTALL_PROGRAM='${INSTALL}'
INSTALL_SCRIPT='${INSTALL}'
JPEG='jpeg'
JPEGINC='-I../jpeg'
LARGEFILE='-D_LARGEFILE_SOURCE -D_LARGEFILE64_SOURCE'
LDFLAGS=''
LIBBASENAME='libfltk.a'
LIBCOMMAND='/usr/bin/ar cr'
LIBEXT='.a'
LIBNAME='../lib/libfltk.a'
LIBOBJS=''
LIBS='-lpthread  -framework Cocoa'
LINKFLTK='../lib/libfltk.a'
LINKFLTKCAIRO=''
LINKFLTKFORMS='../lib/libfltk_forms.a'
LINKFLTKGL='../lib/libfltk_gl.a'
LINKFLTKIMG='../lib/libfltk_images.a'
LINKSHARED=' ../lib/libfltk_images.a ../lib/libfltk_forms.a ../lib/libfltk.a'
LTLIBOBJS=''
MAKEDEPEND='$(CXX) -M'
NROFF='/usr/bin/nroff'
OBJEXT='o'
OPTIM=' -Os -Wno-deprecated-declarations -Wall -Wunused -Wno-format-y2k  -fno-exceptions -fno-strict-aliasing'
OSX_ONLY=''
PACKAGE_BUGREPORT=''
PACKAGE_NAME=''
PACKAGE_STRING=''
PACKAGE_TARNAME=''
PACKAGE_URL=''
PACKAGE_VERSION=''
PATH_SEPARATOR=':'
PKGCONFIG=''
PNG='png'
PNGINC='-I../png'
PTHREAD_FLAGS='-D_THREAD_SAFE -D_REENTRANT'
RANLIB='ranlib'
RC=''
SHAREDSUFFIX=''
SHELL='/bin/sh'
STATICIMAGELIBS='$libdir/libfltk_png.a -lz $libdir/libfltk_jpeg.a '
THREADS='threads'
UNINSTALL_DESKTOP='uninstall-osx'
USEMMFILES='Yes'
XMKMF=''
XPROP=''
X_CFLAGS=''
X_EXTRA_LIBS=''
X_LIBS=''
X_PRE_LIBS=''
ZLIB=''
ZLIBINC=''
ac_ct_CC='gcc'
ac_ct_CXX='g++'
bindir='${exec_prefix}/bin'
build='x86_64-apple-darwin19.3.0'
build_alias=''
build_cpu='x86_64'
build_os='darwin19.3.0'
build_vendor='apple'
datadir='${datarootdir}'
datarootdir='${prefix}/share'
docdir='${datarootdir}/doc/${PACKAGE}'
dvidir='${docdir}'
exec_prefix='${prefix}'
host='x86_64-apple-darwin19.3.0'
host_alias=''
host_cpu='x86_64'
host_os='darwin19.3.0'
host_vendor='apple'
htmldir='${docdir}'
includedir='${prefix}/include'
infodir='${datarootdir}/info'
libdir='${exec_prefix}/lib'
libexecdir='${exec_prefix}/libexec'
localedir='${datarootdir}/locale'
localstatedir='${prefix}/var'
mandir='${datarootdir}/man'
oldincludedir='/usr/include'
pdfdir='${docdir}'
prefix='/usr/local'
program_transform_name='s,x,x,'
psdir='${docdir}'
runstatedir='${localstatedir}/run'
sbindir='${exec_prefix}/sbin'
sharedstatedir='${prefix}/com'
sysconfdir='${prefix}/etc'
target_alias=''

## ----------- ##
## confdefs.h. ##
## ----------- ##

/* confdefs.h */
#define PACKAGE_NAME ""
#define PACKAGE_TARNAME ""
#define PACKAGE_VERSION ""
#define PACKAGE_STRING ""
#define PACKAGE_BUGREPORT ""
#define PACKAGE_URL ""
#define STDC_HEADERS 1
#define HAVE_SYS_TYPES_H 1
#define HAVE_SYS_STAT_H 1
#define HAVE_STDLIB_H 1
#define HAVE_STRING_H 1
#define HAVE_MEMORY_H 1
#define HAVE_STRINGS_H 1
#define HAVE_INTTYPES_H 1
#define HAVE_STDINT_H 1
#define HAVE_UNISTD_H 1
#define SIZEOF_SHORT 2
#define SIZEOF_INT 4
#define SIZEOF_LONG 8
#define U16 unsigned short
#define U32 unsigned
#define HAVE_DIRENT_H 1
#define HAVE_SYS_SELECT_H 1
#define HAVE_SCANDIR 1
#define HAVE_SCANDIR_POSIX 1
#define HAVE_VSNPRINTF 1
#define HAVE_SNPRINTF 1
#define HAVE_STRINGS_H 1
#define HAVE_STRCASECMP 1
#define HAVE_STRLCAT 1
#define HAVE_STRLCPY 1
#define HAVE_LOCALE_H 1
#define HAVE_LOCALECONV 1
#define HAVE_LONG_LONG 1
#define HAVE_DLSYM 1
#define HAVE_DLFCN_H 1
#define HAVE_LIBJPEG 1
#define HAVE_LIBZ 1
#define HAVE_LIBPNG 1
#define HAVE_PNG_H 1
#define HAVE_PNG_GET_VALID 1
#define HAVE_PNG_SET_TRNS_TO_ALPHA 1
#define HAVE_PTHREAD_H 1
#define HAVE_PTHREAD 1
#define __APPLE_QUARTZ__ 1
#define HAVE_PTHREAD 1
#define HAVE_GL 1
#define HAVE_GL_GLU_H 1
#define FLTK_DOCDIR "/usr/local/share/doc/fltk"
#define FLTK_DATADIR "/usr/local/share/fltk"

configure: exit 0
